<?xml version="1.0" encoding="UTF-8"?>
<!-- Generated by org.testng.reporters.JUnitReportReporter -->
<testsuite hostname="Galal" failures="0" tests="6" name="tests.ui.ProductPageTest" time="267.488" errors="0" timestamp="2025-03-18T13:22:34 EET" skipped="0">
  <testcase classname="tests.ui.ProductPageTest" name="verifyCompareListFunctionality" time="78.666">
    <system-out>
      <![CDATA[🟢 Test Started: verifyCompareListFunctionality (🔢 Test Case ID: TC-199)

🌍 Test Environment:
🖥️ OS: Windows 11 10.0
☕ Java Version: 23.0.1
🌐 Browser: chrome 134.0.6998.89

✅ Test PASSED: verifyCompareListFunctionality (Duration: 56855ms)
<br><img src='E:/Folder/Galal/Courses/Digital Egypt Pioneers Initiative (DEPI) - Software Testing/DEPI Software Tester Graduation Project/automation-framework/reports/screenshots\TC-199\TC-199_screenshot.png' height='300' width='400'/><br>]]>
    </system-out>
  </testcase> <!-- verifyCompareListFunctionality -->
  <testcase classname="tests.ui.ProductPageTest" name="verifyProductImageGallery" time="35.457">
    <system-out>
      <![CDATA[🟢 Test Started: verifyProductImageGallery (🔢 Test Case ID: TC-179)

🌍 Test Environment:
🖥️ OS: Windows 11 10.0
☕ Java Version: 23.0.1
🌐 Browser: chrome 134.0.6998.89

✅ Test PASSED: verifyProductImageGallery (Duration: 13745ms)
<br><img src='E:/Folder/Galal/Courses/Digital Egypt Pioneers Initiative (DEPI) - Software Testing/DEPI Software Tester Graduation Project/automation-framework/reports/screenshots\TC-179\TC-179_screenshot.png' height='300' width='400'/><br>]]>
    </system-out>
  </testcase> <!-- verifyProductImageGallery -->
  <testcase classname="tests.ui.ProductPageTest" name="verifyProductReviewsAreDisplayed" time="36.198">
    <system-out>
      <![CDATA[🟢 Test Started: verifyProductReviewsAreDisplayed (🔢 Test Case ID: TC-180)

🌍 Test Environment:
🖥️ OS: Windows 11 10.0
☕ Java Version: 23.0.1
🌐 Browser: chrome 134.0.6998.89

✅ Test PASSED: verifyProductReviewsAreDisplayed (Duration: 12629ms)
<br><img src='E:/Folder/Galal/Courses/Digital Egypt Pioneers Initiative (DEPI) - Software Testing/DEPI Software Tester Graduation Project/automation-framework/reports/screenshots\TC-180\TC-180_screenshot.png' height='300' width='400'/><br>]]>
    </system-out>
  </testcase> <!-- verifyProductReviewsAreDisplayed -->
  <testcase classname="tests.ui.ProductPageTest" name="verifyRelatedProductsAreDisplayed" time="37.655">
    <system-out>
      <![CDATA[🟢 Test Started: verifyRelatedProductsAreDisplayed (🔢 Test Case ID: TC-063)

🌍 Test Environment:
🖥️ OS: Windows 11 10.0
☕ Java Version: 23.0.1
🌐 Browser: chrome 134.0.6998.89

✅ Test PASSED: verifyRelatedProductsAreDisplayed (Duration: 16537ms)
<br><img src='E:/Folder/Galal/Courses/Digital Egypt Pioneers Initiative (DEPI) - Software Testing/DEPI Software Tester Graduation Project/automation-framework/reports/screenshots\TC-063\TC-063_screenshot.png' height='300' width='400'/><br>]]>
    </system-out>
  </testcase> <!-- verifyRelatedProductsAreDisplayed -->
  <testcase classname="tests.ui.ProductPageTest" name="verifyProductVariationSelection" time="51.270">
    <system-out>
      <![CDATA[🟢 Test Started: verifyProductVariationSelection (🔢 Test Case ID: TC-020)

🌍 Test Environment:
🖥️ OS: Windows 11 10.0
☕ Java Version: 23.0.1
🌐 Browser: chrome 134.0.6998.89

✅ Test PASSED: verifyProductVariationSelection (Duration: 28279ms)
<br><img src='E:/Folder/Galal/Courses/Digital Egypt Pioneers Initiative (DEPI) - Software Testing/DEPI Software Tester Graduation Project/automation-framework/reports/screenshots\TC-020\TC-020_screenshot.png' height='300' width='400'/><br>]]>
    </system-out>
  </testcase> <!-- verifyProductVariationSelection -->
  <testcase classname="tests.ui.ProductPageTest" name="verifyProductPageLoadsCorrectly" time="28.242">
    <system-out>
      <![CDATA[🟢 Test Started: verifyProductPageLoadsCorrectly (🔢 Test Case ID: TC-003)

🌍 Test Environment:
🖥️ OS: Windows 11 10.0
☕ Java Version: 23.0.1
🌐 Browser: chrome 134.0.6998.89

✅ Test PASSED: verifyProductPageLoadsCorrectly (Duration: 5955ms)
<br><img src='E:/Folder/Galal/Courses/Digital Egypt Pioneers Initiative (DEPI) - Software Testing/DEPI Software Tester Graduation Project/automation-framework/reports/screenshots\TC-003\TC-003_screenshot.png' height='300' width='400'/><br>]]>
    </system-out>
  </testcase> <!-- verifyProductPageLoadsCorrectly -->
  <system-out>
    <![CDATA[🚀 Starting Test Suite: EcomUIRegressionTest

🌍 Test Environment:
🖥️ OS: Windows 11 10.0
☕ Java Version: 23.0.1
🌐 Browser: chrome 134.0.6998.89

🟢 Test Started: testAddMultipleProductsToCart (🔢 Test Case ID: TC-018)

🌍 Test Environment:
🖥️ OS: Windows 11 10.0
☕ Java Version: 23.0.1
🌐 Browser: chrome 134.0.6998.89

✅ Test PASSED: testAddMultipleProductsToCart (Duration: 26325ms)
<br><img src='E:/Folder/Galal/Courses/Digital Egypt Pioneers Initiative (DEPI) - Software Testing/DEPI Software Tester Graduation Project/automation-framework/reports/screenshots\TC-018\TC-018_screenshot.png' height='300' width='400'/><br>
🟢 Test Started: testCartPersistence (🔢 Test Case ID: TC-015)

🌍 Test Environment:
🖥️ OS: Windows 11 10.0
☕ Java Version: 23.0.1
🌐 Browser: chrome 134.0.6998.89

✅ Test PASSED: testCartPersistence (Duration: 5751ms)
<br><img src='E:/Folder/Galal/Courses/Digital Egypt Pioneers Initiative (DEPI) - Software Testing/DEPI Software Tester Graduation Project/automation-framework/reports/screenshots\TC-015\TC-015_screenshot.png' height='300' width='400'/><br>
🟢 Test Started: verifyRemoveMultipleProducts (🔢 Test Case ID: TC-019)

🌍 Test Environment:
🖥️ OS: Windows 11 10.0
☕ Java Version: 23.0.1
🌐 Browser: chrome 134.0.6998.89

✅ Test PASSED: verifyRemoveMultipleProducts (Duration: 40813ms)
<br><img src='E:/Folder/Galal/Courses/Digital Egypt Pioneers Initiative (DEPI) - Software Testing/DEPI Software Tester Graduation Project/automation-framework/reports/screenshots\TC-019\TC-019_screenshot.png' height='300' width='400'/><br>
🟢 Test Started: testCheckoutProcessAsUser (🔢 Test Case ID: TC-073)

🌍 Test Environment:
🖥️ OS: Windows 11 10.0
☕ Java Version: 23.0.1
🌐 Browser: chrome 134.0.6998.89

✅ Test PASSED: testCheckoutProcessAsUser (Duration: 33579ms)
<br><img src='E:/Folder/Galal/Courses/Digital Egypt Pioneers Initiative (DEPI) - Software Testing/DEPI Software Tester Graduation Project/automation-framework/reports/screenshots\TC-073\TC-073_screenshot.png' height='300' width='400'/><br>
🟢 Test Started: verifyCheckoutPageLoads (🔢 Test Case ID: TC-004)

🌍 Test Environment:
🖥️ OS: Windows 11 10.0
☕ Java Version: 23.0.1
🌐 Browser: chrome 134.0.6998.89

✅ Test PASSED: verifyCheckoutPageLoads (Duration: 16607ms)
<br><img src='E:/Folder/Galal/Courses/Digital Egypt Pioneers Initiative (DEPI) - Software Testing/DEPI Software Tester Graduation Project/automation-framework/reports/screenshots\TC-004\TC-004_screenshot.png' height='300' width='400'/><br>
🟢 Test Started: verifyCheckoutProcessAsGuest (🔢 Test Case ID: TC-005_TC-006_TC-072)

🌍 Test Environment:
🖥️ OS: Windows 11 10.0
☕ Java Version: 23.0.1
🌐 Browser: chrome 134.0.6998.89

✅ Test PASSED: verifyCheckoutProcessAsGuest (Duration: 37169ms)
<br><img src='E:/Folder/Galal/Courses/Digital Egypt Pioneers Initiative (DEPI) - Software Testing/DEPI Software Tester Graduation Project/automation-framework/reports/screenshots\TC-005_TC-006_TC-072\TC-005_TC-006_TC-072_screenshot.png' height='300' width='400'/><br>
🟢 Test Started: verifyDifferentPaymentOptionsAreAvailable (🔢 Test Case ID: TC-189)

🌍 Test Environment:
🖥️ OS: Windows 11 10.0
☕ Java Version: 23.0.1
🌐 Browser: chrome 134.0.6998.89

✅ Test PASSED: verifyDifferentPaymentOptionsAreAvailable (Duration: 24557ms)
<br><img src='E:/Folder/Galal/Courses/Digital Egypt Pioneers Initiative (DEPI) - Software Testing/DEPI Software Tester Graduation Project/automation-framework/reports/screenshots\TC-189\TC-189_screenshot.png' height='300' width='400'/><br>
🟢 Test Started: verifyInvalidAddressPreventsCheckout (🔢 Test Case ID: TC-080)

🌍 Test Environment:
🖥️ OS: Windows 11 10.0
☕ Java Version: 23.0.1
🌐 Browser: chrome 134.0.6998.89

✅ Test PASSED: verifyInvalidAddressPreventsCheckout (Duration: 29168ms)
<br><img src='E:/Folder/Galal/Courses/Digital Egypt Pioneers Initiative (DEPI) - Software Testing/DEPI Software Tester Graduation Project/automation-framework/reports/screenshots\TC-080\TC-080_screenshot.png' height='300' width='400'/><br>
🟢 Test Started: verifyOrderIsGenerated (🔢 Test Case ID: TC-081)

🌍 Test Environment:
🖥️ OS: Windows 11 10.0
☕ Java Version: 23.0.1
🌐 Browser: chrome 134.0.6998.89

✅ Test PASSED: verifyOrderIsGenerated (Duration: 28851ms)
<br><img src='E:/Folder/Galal/Courses/Digital Egypt Pioneers Initiative (DEPI) - Software Testing/DEPI Software Tester Graduation Project/automation-framework/reports/screenshots\TC-081\TC-081_screenshot.png' height='300' width='400'/><br>
🟢 Test Started: verifyOrderSummaryDisplaysCorrectInfo (🔢 Test Case ID: TC-187)

🌍 Test Environment:
🖥️ OS: Windows 11 10.0
☕ Java Version: 23.0.1
🌐 Browser: chrome 134.0.6998.89

✅ Test PASSED: verifyOrderSummaryDisplaysCorrectInfo (Duration: 31815ms)
<br><img src='E:/Folder/Galal/Courses/Digital Egypt Pioneers Initiative (DEPI) - Software Testing/DEPI Software Tester Graduation Project/automation-framework/reports/screenshots\TC-187\TC-187_screenshot.png' height='300' width='400'/><br>
🟢 Test Started: verifyHeaderLinks (🔢 Test Case ID: TC-342)

🌍 Test Environment:
🖥️ OS: Windows 11 10.0
☕ Java Version: 23.0.1
🌐 Browser: chrome 134.0.6998.89

✅ Test PASSED: verifyHeaderLinks (Duration: 21077ms)
<br><img src='E:/Folder/Galal/Courses/Digital Egypt Pioneers Initiative (DEPI) - Software Testing/DEPI Software Tester Graduation Project/automation-framework/reports/screenshots\TC-342\TC-342_screenshot.png' height='300' width='400'/><br>
🟢 Test Started: verifyHomePageLoads (🔢 Test Case ID: TC-001)

🌍 Test Environment:
🖥️ OS: Windows 11 10.0
☕ Java Version: 23.0.1
🌐 Browser: chrome 134.0.6998.89

✅ Test PASSED: verifyHomePageLoads (Duration: 839ms)
<br><img src='E:/Folder/Galal/Courses/Digital Egypt Pioneers Initiative (DEPI) - Software Testing/DEPI Software Tester Graduation Project/automation-framework/reports/screenshots\TC-001\TC-001_screenshot.png' height='300' width='400'/><br>
🟢 Test Started: verifyAvailablePaymentMethods (🔢 Test Case ID: TC-083_TC-084)

🌍 Test Environment:
🖥️ OS: Windows 11 10.0
☕ Java Version: 23.0.1
🌐 Browser: chrome 134.0.6998.89

❌ Test FAILED: verifyAvailablePaymentMethods - Neither PayPal nor Cash On Delivery (COD) payment methods are available! Available methods: 
<br><img src='E:/Folder/Galal/Courses/Digital Egypt Pioneers Initiative (DEPI) - Software Testing/DEPI Software Tester Graduation Project/automation-framework/reports/screenshots\TC-083_TC-084\TC-083_TC-084_screenshot.png' height='300' width='400'/><br>
🟢 Test Started: verifyDuplicatePaymentPrevention (🔢 Test Case ID: TC-088)

🌍 Test Environment:
🖥️ OS: Windows 11 10.0
☕ Java Version: 23.0.1
🌐 Browser: chrome 134.0.6998.89

❌ Test FAILED: verifyDuplicatePaymentPrevention - Duplicate payment request should have been blocked!
<br><img src='E:/Folder/Galal/Courses/Digital Egypt Pioneers Initiative (DEPI) - Software Testing/DEPI Software Tester Graduation Project/automation-framework/reports/screenshots\TC-088\TC-088_screenshot.png' height='300' width='400'/><br>
🟢 Test Started: verifyExpiredPaymentMethod (🔢 Test Case ID: TC-012)

🌍 Test Environment:
🖥️ OS: Windows 11 10.0
☕ Java Version: 23.0.1
🌐 Browser: chrome 134.0.6998.89

✅ Test PASSED: verifyExpiredPaymentMethod (Duration: 27167ms)
<br><img src='E:/Folder/Galal/Courses/Digital Egypt Pioneers Initiative (DEPI) - Software Testing/DEPI Software Tester Graduation Project/automation-framework/reports/screenshots\TC-012\TC-012_screenshot.png' height='300' width='400'/><br>
🟢 Test Started: verifyPaymentFailsWithInsufficientFunds (🔢 Test Case ID: TC-095)

🌍 Test Environment:
🖥️ OS: Windows 11 10.0
☕ Java Version: 23.0.1
🌐 Browser: chrome 134.0.6998.89

❌ Test FAILED: verifyPaymentFailsWithInsufficientFunds - Transaction should have been declined due to insufficient funds, but it was processed successfully.
<br><img src='E:/Folder/Galal/Courses/Digital Egypt Pioneers Initiative (DEPI) - Software Testing/DEPI Software Tester Graduation Project/automation-framework/reports/screenshots\TC-095\TC-095_screenshot.png' height='300' width='400'/><br>
🟢 Test Started: verifyPaymentViaCreditCard (🔢 Test Case ID: TC-082)

🌍 Test Environment:
🖥️ OS: Windows 11 10.0
☕ Java Version: 23.0.1
🌐 Browser: chrome 134.0.6998.89

✅ Test PASSED: verifyPaymentViaCreditCard (Duration: 32959ms)
<br><img src='E:/Folder/Galal/Courses/Digital Egypt Pioneers Initiative (DEPI) - Software Testing/DEPI Software Tester Graduation Project/automation-framework/reports/screenshots\TC-082\TC-082_screenshot.png' height='300' width='400'/><br>
🟢 Test Started: verifyCompareListFunctionality (🔢 Test Case ID: TC-199)

🌍 Test Environment:
🖥️ OS: Windows 11 10.0
☕ Java Version: 23.0.1
🌐 Browser: chrome 134.0.6998.89

✅ Test PASSED: verifyCompareListFunctionality (Duration: 56855ms)
<br><img src='E:/Folder/Galal/Courses/Digital Egypt Pioneers Initiative (DEPI) - Software Testing/DEPI Software Tester Graduation Project/automation-framework/reports/screenshots\TC-199\TC-199_screenshot.png' height='300' width='400'/><br>
🟢 Test Started: verifyProductImageGallery (🔢 Test Case ID: TC-179)

🌍 Test Environment:
🖥️ OS: Windows 11 10.0
☕ Java Version: 23.0.1
🌐 Browser: chrome 134.0.6998.89

✅ Test PASSED: verifyProductImageGallery (Duration: 13745ms)
<br><img src='E:/Folder/Galal/Courses/Digital Egypt Pioneers Initiative (DEPI) - Software Testing/DEPI Software Tester Graduation Project/automation-framework/reports/screenshots\TC-179\TC-179_screenshot.png' height='300' width='400'/><br>
🟢 Test Started: verifyProductPageLoadsCorrectly (🔢 Test Case ID: TC-003)

🌍 Test Environment:
🖥️ OS: Windows 11 10.0
☕ Java Version: 23.0.1
🌐 Browser: chrome 134.0.6998.89

✅ Test PASSED: verifyProductPageLoadsCorrectly (Duration: 5955ms)
<br><img src='E:/Folder/Galal/Courses/Digital Egypt Pioneers Initiative (DEPI) - Software Testing/DEPI Software Tester Graduation Project/automation-framework/reports/screenshots\TC-003\TC-003_screenshot.png' height='300' width='400'/><br>
🟢 Test Started: verifyProductReviewsAreDisplayed (🔢 Test Case ID: TC-180)

🌍 Test Environment:
🖥️ OS: Windows 11 10.0
☕ Java Version: 23.0.1
🌐 Browser: chrome 134.0.6998.89

✅ Test PASSED: verifyProductReviewsAreDisplayed (Duration: 12629ms)
<br><img src='E:/Folder/Galal/Courses/Digital Egypt Pioneers Initiative (DEPI) - Software Testing/DEPI Software Tester Graduation Project/automation-framework/reports/screenshots\TC-180\TC-180_screenshot.png' height='300' width='400'/><br>
🟢 Test Started: verifyProductVariationSelection (🔢 Test Case ID: TC-020)

🌍 Test Environment:
🖥️ OS: Windows 11 10.0
☕ Java Version: 23.0.1
🌐 Browser: chrome 134.0.6998.89

✅ Test PASSED: verifyProductVariationSelection (Duration: 28279ms)
<br><img src='E:/Folder/Galal/Courses/Digital Egypt Pioneers Initiative (DEPI) - Software Testing/DEPI Software Tester Graduation Project/automation-framework/reports/screenshots\TC-020\TC-020_screenshot.png' height='300' width='400'/><br>
🟢 Test Started: verifyRelatedProductsAreDisplayed (🔢 Test Case ID: TC-063)

🌍 Test Environment:
🖥️ OS: Windows 11 10.0
☕ Java Version: 23.0.1
🌐 Browser: chrome 134.0.6998.89

✅ Test PASSED: verifyRelatedProductsAreDisplayed (Duration: 16537ms)
<br><img src='E:/Folder/Galal/Courses/Digital Egypt Pioneers Initiative (DEPI) - Software Testing/DEPI Software Tester Graduation Project/automation-framework/reports/screenshots\TC-063\TC-063_screenshot.png' height='300' width='400'/><br>
🟢 Test Started: verifyAutoSuggestionsInSearchBar (🔢 Test Case ID: TC-051)

🌍 Test Environment:
🖥️ OS: Windows 11 10.0
☕ Java Version: 23.0.1
🌐 Browser: chrome 134.0.6998.89

✅ Test PASSED: verifyAutoSuggestionsInSearchBar (Duration: 4823ms)
<br><img src='E:/Folder/Galal/Courses/Digital Egypt Pioneers Initiative (DEPI) - Software Testing/DEPI Software Tester Graduation Project/automation-framework/reports/screenshots\TC-051\TC-051_screenshot.png' height='300' width='400'/><br>
🟢 Test Started: verifyClearingFilters (🔢 Test Case ID: TC-050)

🌍 Test Environment:
🖥️ OS: Windows 11 10.0
☕ Java Version: 23.0.1
🌐 Browser: chrome 134.0.6998.89

✅ Test PASSED: verifyClearingFilters (Duration: 17793ms)
<br><img src='E:/Folder/Galal/Courses/Digital Egypt Pioneers Initiative (DEPI) - Software Testing/DEPI Software Tester Graduation Project/automation-framework/reports/screenshots\TC-050\TC-050_screenshot.png' height='300' width='400'/><br>
🟢 Test Started: verifyFilteringByManufacturer (🔢 Test Case ID: TC-044)

🌍 Test Environment:
🖥️ OS: Windows 11 10.0
☕ Java Version: 23.0.1
🌐 Browser: chrome 134.0.6998.89

✅ Test PASSED: verifyFilteringByManufacturer (Duration: 15310ms)
<br><img src='E:/Folder/Galal/Courses/Digital Egypt Pioneers Initiative (DEPI) - Software Testing/DEPI Software Tester Graduation Project/automation-framework/reports/screenshots\TC-044\TC-044_screenshot.png' height='300' width='400'/><br>
🟢 Test Started: verifyInvalidSearchTerm (🔢 Test Case ID: TC-048)

🌍 Test Environment:
🖥️ OS: Windows 11 10.0
☕ Java Version: 23.0.1
🌐 Browser: chrome 134.0.6998.89

✅ Test PASSED: verifyInvalidSearchTerm (Duration: 7268ms)
<br><img src='E:/Folder/Galal/Courses/Digital Egypt Pioneers Initiative (DEPI) - Software Testing/DEPI Software Tester Graduation Project/automation-framework/reports/screenshots\TC-048\TC-048_screenshot.png' height='300' width='400'/><br>
🟢 Test Started: verifyPaginationInSearchResults (🔢 Test Case ID: TC-042)

🌍 Test Environment:
🖥️ OS: Windows 11 10.0
☕ Java Version: 23.0.1
🌐 Browser: chrome 134.0.6998.89

✅ Test PASSED: verifyPaginationInSearchResults (Duration: 9763ms)
<br><img src='E:/Folder/Galal/Courses/Digital Egypt Pioneers Initiative (DEPI) - Software Testing/DEPI Software Tester Graduation Project/automation-framework/reports/screenshots\TC-042\TC-042_screenshot.png' height='300' width='400'/><br>
🟢 Test Started: verifySearchByCategory (🔢 Test Case ID: TC-038)

🌍 Test Environment:
🖥️ OS: Windows 11 10.0
☕ Java Version: 23.0.1
🌐 Browser: chrome 134.0.6998.89

✅ Test PASSED: verifySearchByCategory (Duration: 6384ms)
<br><img src='E:/Folder/Galal/Courses/Digital Egypt Pioneers Initiative (DEPI) - Software Testing/DEPI Software Tester Graduation Project/automation-framework/reports/screenshots\TC-038\TC-038_screenshot.png' height='300' width='400'/><br>
🟢 Test Started: verifySearchFunctionality (🔢 Test Case ID: TC-002)

🌍 Test Environment:
🖥️ OS: Windows 11 10.0
☕ Java Version: 23.0.1
🌐 Browser: chrome 134.0.6998.89

✅ Test PASSED: verifySearchFunctionality (Duration: 5194ms)
<br><img src='E:/Folder/Galal/Courses/Digital Egypt Pioneers Initiative (DEPI) - Software Testing/DEPI Software Tester Graduation Project/automation-framework/reports/screenshots\TC-002\TC-002_screenshot.png' height='300' width='400'/><br>
🟢 Test Started: verifySortingOptions (🔢 Test Case ID: TC-043)

🌍 Test Environment:
🖥️ OS: Windows 11 10.0
☕ Java Version: 23.0.1
🌐 Browser: chrome 134.0.6998.89

✅ Test PASSED: verifySortingOptions (Duration: 15706ms)
<br><img src='E:/Folder/Galal/Courses/Digital Egypt Pioneers Initiative (DEPI) - Software Testing/DEPI Software Tester Graduation Project/automation-framework/reports/screenshots\TC-043\TC-043_screenshot.png' height='300' width='400'/><br>]]>
  </system-out>
</testsuite> <!-- tests.ui.ProductPageTest -->
