<?xml version="1.0" encoding="UTF-8"?>
<!-- Generated by org.testng.reporters.JUnitReportReporter -->
<testsuite hostname="Galal" failures="0" tests="2" name="tests.ui.ReviewsTest" time="59.526" errors="0" timestamp="2025-03-24T22:29:48 EET" skipped="0">
  <testcase classname="tests.ui.ReviewsTest" name="verifyReviewSubmission" time="35.963">
    <system-out>
      <![CDATA[🟢 Test Started: verifyReviewSubmission (🔢 Test Case ID: TC-061)

🌍 Test Environment:
🖥️ OS: Windows 11 10.0
☕ Java Version: 23.0.1
🌐 Browser: chrome 134.0.6998.118

✅ Test PASSED: verifyReviewSubmission (Duration: 17314ms)
<br><img src='E:/Folder/Galal/Courses/Digital Egypt Pioneers Initiative (DEPI) - Software Testing/DEPI Software Tester Graduation Project/automation-framework/reports/screenshots\TC-061\TC-061_screenshot.png' height='300' width='400'/><br>]]>
    </system-out>
  </testcase> <!-- verifyReviewSubmission -->
  <testcase classname="tests.ui.ReviewsTest" name="verifyCustomerReviewsDisplayed" time="23.563">
    <system-out>
      <![CDATA[🟢 Test Started: verifyCustomerReviewsDisplayed (🔢 Test Case ID: TC-060)

🌍 Test Environment:
🖥️ OS: Windows 11 10.0
☕ Java Version: 23.0.1
🌐 Browser: chrome 134.0.6998.118

✅ Test PASSED: verifyCustomerReviewsDisplayed (Duration: 4225ms)
<br><img src='E:/Folder/Galal/Courses/Digital Egypt Pioneers Initiative (DEPI) - Software Testing/DEPI Software Tester Graduation Project/automation-framework/reports/screenshots\TC-060\TC-060_screenshot.png' height='300' width='400'/><br>]]>
    </system-out>
  </testcase> <!-- verifyCustomerReviewsDisplayed -->
  <system-out>
    <![CDATA[🚀 Starting Test Suite: Surefire test

🌍 Test Environment:
🖥️ OS: Windows 11 10.0
☕ Java Version: 23.0.1
🌐 Browser: chrome 134.0.6998.89

🟢 Test Started: verifyCustomerReviewsDisplayed (🔢 Test Case ID: TC-060)

🌍 Test Environment:
🖥️ OS: Windows 11 10.0
☕ Java Version: 23.0.1
🌐 Browser: chrome 134.0.6998.118

✅ Test PASSED: verifyCustomerReviewsDisplayed (Duration: 4225ms)
<br><img src='E:/Folder/Galal/Courses/Digital Egypt Pioneers Initiative (DEPI) - Software Testing/DEPI Software Tester Graduation Project/automation-framework/reports/screenshots\TC-060\TC-060_screenshot.png' height='300' width='400'/><br>
🟢 Test Started: verifyReviewSubmission (🔢 Test Case ID: TC-061)

🌍 Test Environment:
🖥️ OS: Windows 11 10.0
☕ Java Version: 23.0.1
🌐 Browser: chrome 134.0.6998.118

✅ Test PASSED: verifyReviewSubmission (Duration: 17314ms)
<br><img src='E:/Folder/Galal/Courses/Digital Egypt Pioneers Initiative (DEPI) - Software Testing/DEPI Software Tester Graduation Project/automation-framework/reports/screenshots\TC-061\TC-061_screenshot.png' height='300' width='400'/><br>]]>
  </system-out>
</testsuite> <!-- tests.ui.ReviewsTest -->
