<?xml version="1.0" encoding="UTF-8"?>
<!-- Generated by org.testng.reporters.JUnitReportReporter -->
<testsuite hostname="Galal" failures="0" tests="7" name="tests.ui.ProductPageTest" time="350.722" errors="0" timestamp="2025-03-24T22:02:13 EET" skipped="0">
  <testcase classname="tests.ui.ProductPageTest" name="verifyProductReviewsAreDisplayed" time="28.934">
    <system-out>
      <![CDATA[🟢 Test Started: verifyProductReviewsAreDisplayed (🔢 Test Case ID: TC-180)

🌍 Test Environment:
🖥️ OS: Windows 11 10.0
☕ Java Version: 23.0.1
🌐 Browser: chrome 134.0.6998.118

✅ Test PASSED: verifyProductReviewsAreDisplayed (Duration: 4714ms)
<br><img src='E:/Folder/Galal/Courses/Digital Egypt Pioneers Initiative (DEPI) - Software Testing/DEPI Software Tester Graduation Project/automation-framework/reports/screenshots\TC-180\TC-180_screenshot.png' height='300' width='400'/><br>]]>
    </system-out>
  </testcase> <!-- verifyProductReviewsAreDisplayed -->
  <testcase classname="tests.ui.ProductPageTest" name="verifySocialMediaSharingTest" time="109.151">
    <system-out>
      <![CDATA[🟢 Test Started: verifySocialMediaSharingTest (🔢 Test Case ID: TC-282)

🌍 Test Environment:
🖥️ OS: Windows 11 10.0
☕ Java Version: 23.0.1
🌐 Browser: chrome 134.0.6998.118

✅ Test PASSED: verifySocialMediaSharingTest (Duration: 84506ms)
<br><img src='E:/Folder/Galal/Courses/Digital Egypt Pioneers Initiative (DEPI) - Software Testing/DEPI Software Tester Graduation Project/automation-framework/reports/screenshots\TC-282\TC-282_screenshot.png' height='300' width='400'/><br>]]>
    </system-out>
  </testcase> <!-- verifySocialMediaSharingTest -->
  <testcase classname="tests.ui.ProductPageTest" name="verifyProductVariationSelection" time="67.087">
    <system-out>
      <![CDATA[🟢 Test Started: verifyProductVariationSelection (🔢 Test Case ID: TC-020)

🌍 Test Environment:
🖥️ OS: Windows 11 10.0
☕ Java Version: 23.0.1
🌐 Browser: chrome 134.0.6998.118

✅ Test PASSED: verifyProductVariationSelection (Duration: 43462ms)
<br><img src='E:/Folder/Galal/Courses/Digital Egypt Pioneers Initiative (DEPI) - Software Testing/DEPI Software Tester Graduation Project/automation-framework/reports/screenshots\TC-020\TC-020_screenshot.png' height='300' width='400'/><br>]]>
    </system-out>
  </testcase> <!-- verifyProductVariationSelection -->
  <testcase classname="tests.ui.ProductPageTest" name="verifyCompareListFunctionality" time="42.884">
    <system-out>
      <![CDATA[🟢 Test Started: verifyCompareListFunctionality (🔢 Test Case ID: TC-199)

🌍 Test Environment:
🖥️ OS: Windows 11 10.0
☕ Java Version: 23.0.1
🌐 Browser: chrome 134.0.6998.118

✅ Test PASSED: verifyCompareListFunctionality (Duration: 18189ms)
<br><img src='E:/Folder/Galal/Courses/Digital Egypt Pioneers Initiative (DEPI) - Software Testing/DEPI Software Tester Graduation Project/automation-framework/reports/screenshots\TC-199\TC-199_screenshot.png' height='300' width='400'/><br>]]>
    </system-out>
  </testcase> <!-- verifyCompareListFunctionality -->
  <testcase classname="tests.ui.ProductPageTest" name="verifyRelatedProductsAreDisplayed" time="41.482">
    <system-out>
      <![CDATA[🟢 Test Started: verifyRelatedProductsAreDisplayed (🔢 Test Case ID: TC-063)

🌍 Test Environment:
🖥️ OS: Windows 11 10.0
☕ Java Version: 23.0.1
🌐 Browser: chrome 134.0.6998.118

✅ Test PASSED: verifyRelatedProductsAreDisplayed (Duration: 16500ms)
<br><img src='E:/Folder/Galal/Courses/Digital Egypt Pioneers Initiative (DEPI) - Software Testing/DEPI Software Tester Graduation Project/automation-framework/reports/screenshots\TC-063\TC-063_screenshot.png' height='300' width='400'/><br>]]>
    </system-out>
  </testcase> <!-- verifyRelatedProductsAreDisplayed -->
  <testcase classname="tests.ui.ProductPageTest" name="verifyProductImageGallery" time="29.468">
    <system-out>
      <![CDATA[🟢 Test Started: verifyProductImageGallery (🔢 Test Case ID: TC-179)

🌍 Test Environment:
🖥️ OS: Windows 11 10.0
☕ Java Version: 23.0.1
🌐 Browser: chrome 134.0.6998.118

✅ Test PASSED: verifyProductImageGallery (Duration: 5037ms)
<br><img src='E:/Folder/Galal/Courses/Digital Egypt Pioneers Initiative (DEPI) - Software Testing/DEPI Software Tester Graduation Project/automation-framework/reports/screenshots\TC-179\TC-179_screenshot.png' height='300' width='400'/><br>]]>
    </system-out>
  </testcase> <!-- verifyProductImageGallery -->
  <testcase classname="tests.ui.ProductPageTest" name="verifyProductPageLoadsCorrectly" time="31.716">
    <system-out>
      <![CDATA[🟢 Test Started: verifyProductPageLoadsCorrectly (🔢 Test Case ID: TC-003)

🌍 Test Environment:
🖥️ OS: Windows 11 10.0
☕ Java Version: 23.0.1
🌐 Browser: chrome 134.0.6998.118

✅ Test PASSED: verifyProductPageLoadsCorrectly (Duration: 7753ms)
<br><img src='E:/Folder/Galal/Courses/Digital Egypt Pioneers Initiative (DEPI) - Software Testing/DEPI Software Tester Graduation Project/automation-framework/reports/screenshots\TC-003\TC-003_screenshot.png' height='300' width='400'/><br>]]>
    </system-out>
  </testcase> <!-- verifyProductPageLoadsCorrectly -->
  <system-out>
    <![CDATA[🚀 Starting Test Suite: Surefire test

🌍 Test Environment:
🖥️ OS: Windows 11 10.0
☕ Java Version: 23.0.1
🌐 Browser: chrome 134.0.6998.89

🟢 Test Started: verifyCompareListFunctionality (🔢 Test Case ID: TC-199)

🌍 Test Environment:
🖥️ OS: Windows 11 10.0
☕ Java Version: 23.0.1
🌐 Browser: chrome 134.0.6998.118

✅ Test PASSED: verifyCompareListFunctionality (Duration: 18189ms)
<br><img src='E:/Folder/Galal/Courses/Digital Egypt Pioneers Initiative (DEPI) - Software Testing/DEPI Software Tester Graduation Project/automation-framework/reports/screenshots\TC-199\TC-199_screenshot.png' height='300' width='400'/><br>
🟢 Test Started: verifyProductImageGallery (🔢 Test Case ID: TC-179)

🌍 Test Environment:
🖥️ OS: Windows 11 10.0
☕ Java Version: 23.0.1
🌐 Browser: chrome 134.0.6998.118

✅ Test PASSED: verifyProductImageGallery (Duration: 5037ms)
<br><img src='E:/Folder/Galal/Courses/Digital Egypt Pioneers Initiative (DEPI) - Software Testing/DEPI Software Tester Graduation Project/automation-framework/reports/screenshots\TC-179\TC-179_screenshot.png' height='300' width='400'/><br>
🟢 Test Started: verifyProductPageLoadsCorrectly (🔢 Test Case ID: TC-003)

🌍 Test Environment:
🖥️ OS: Windows 11 10.0
☕ Java Version: 23.0.1
🌐 Browser: chrome 134.0.6998.118

✅ Test PASSED: verifyProductPageLoadsCorrectly (Duration: 7753ms)
<br><img src='E:/Folder/Galal/Courses/Digital Egypt Pioneers Initiative (DEPI) - Software Testing/DEPI Software Tester Graduation Project/automation-framework/reports/screenshots\TC-003\TC-003_screenshot.png' height='300' width='400'/><br>
🟢 Test Started: verifyProductReviewsAreDisplayed (🔢 Test Case ID: TC-180)

🌍 Test Environment:
🖥️ OS: Windows 11 10.0
☕ Java Version: 23.0.1
🌐 Browser: chrome 134.0.6998.118

✅ Test PASSED: verifyProductReviewsAreDisplayed (Duration: 4714ms)
<br><img src='E:/Folder/Galal/Courses/Digital Egypt Pioneers Initiative (DEPI) - Software Testing/DEPI Software Tester Graduation Project/automation-framework/reports/screenshots\TC-180\TC-180_screenshot.png' height='300' width='400'/><br>
🟢 Test Started: verifyProductVariationSelection (🔢 Test Case ID: TC-020)

🌍 Test Environment:
🖥️ OS: Windows 11 10.0
☕ Java Version: 23.0.1
🌐 Browser: chrome 134.0.6998.118

✅ Test PASSED: verifyProductVariationSelection (Duration: 43462ms)
<br><img src='E:/Folder/Galal/Courses/Digital Egypt Pioneers Initiative (DEPI) - Software Testing/DEPI Software Tester Graduation Project/automation-framework/reports/screenshots\TC-020\TC-020_screenshot.png' height='300' width='400'/><br>
🟢 Test Started: verifyRelatedProductsAreDisplayed (🔢 Test Case ID: TC-063)

🌍 Test Environment:
🖥️ OS: Windows 11 10.0
☕ Java Version: 23.0.1
🌐 Browser: chrome 134.0.6998.118

✅ Test PASSED: verifyRelatedProductsAreDisplayed (Duration: 16500ms)
<br><img src='E:/Folder/Galal/Courses/Digital Egypt Pioneers Initiative (DEPI) - Software Testing/DEPI Software Tester Graduation Project/automation-framework/reports/screenshots\TC-063\TC-063_screenshot.png' height='300' width='400'/><br>
🟢 Test Started: verifySocialMediaSharingTest (🔢 Test Case ID: TC-282)

🌍 Test Environment:
🖥️ OS: Windows 11 10.0
☕ Java Version: 23.0.1
🌐 Browser: chrome 134.0.6998.118

✅ Test PASSED: verifySocialMediaSharingTest (Duration: 84506ms)
<br><img src='E:/Folder/Galal/Courses/Digital Egypt Pioneers Initiative (DEPI) - Software Testing/DEPI Software Tester Graduation Project/automation-framework/reports/screenshots\TC-282\TC-282_screenshot.png' height='300' width='400'/><br>]]>
  </system-out>
</testsuite> <!-- tests.ui.ProductPageTest -->
