<?xml version="1.0" encoding="UTF-8"?>
<!-- Generated by org.testng.reporters.JUnitReportReporter -->
<testsuite hostname="Galal" failures="0" tests="7" name="tests.ui.CheckoutTest" time="316.596" errors="0" timestamp="2025-03-23T03:48:30 EET" skipped="0">
  <testcase classname="tests.ui.CheckoutTest" name="testCheckoutProcessAsUser" time="55.436">
    <system-out>
      <![CDATA[🟢 Test Started: testCheckoutProcessAsUser (🔢 Test Case ID: TC-073)

🌍 Test Environment:
🖥️ OS: Windows 11 10.0
☕ Java Version: 23.0.1
🌐 Browser: chrome 134.0.6998.118

✅ Test PASSED: testCheckoutProcessAsUser (Duration: 37654ms)
<br><img src='E:/Folder/Galal/Courses/Digital Egypt Pioneers Initiative (DEPI) - Software Testing/DEPI Software Tester Graduation Project/automation-framework/reports/screenshots\TC-073\TC-073_screenshot.png' height='300' width='400'/><br>]]>
    </system-out>
  </testcase> <!-- testCheckoutProcessAsUser -->
  <testcase classname="tests.ui.CheckoutTest" name="verifyCheckoutProcessAsGuest" time="51.018">
    <system-out>
      <![CDATA[🟢 Test Started: verifyCheckoutProcessAsGuest (🔢 Test Case ID: TC-005_TC-006_TC-072)

🌍 Test Environment:
🖥️ OS: Windows 11 10.0
☕ Java Version: 23.0.1
🌐 Browser: chrome 134.0.6998.118

✅ Test PASSED: verifyCheckoutProcessAsGuest (Duration: 33355ms)
<br><img src='E:/Folder/Galal/Courses/Digital Egypt Pioneers Initiative (DEPI) - Software Testing/DEPI Software Tester Graduation Project/automation-framework/reports/screenshots\TC-005_TC-006_TC-072\TC-005_TC-006_TC-072_screenshot.png' height='300' width='400'/><br>]]>
    </system-out>
  </testcase> <!-- verifyCheckoutProcessAsGuest -->
  <testcase classname="tests.ui.CheckoutTest" name="verifyInvalidAddressPreventsCheckout" time="42.288">
    <system-out>
      <![CDATA[🟢 Test Started: verifyInvalidAddressPreventsCheckout (🔢 Test Case ID: TC-080)

🌍 Test Environment:
🖥️ OS: Windows 11 10.0
☕ Java Version: 23.0.1
🌐 Browser: chrome 134.0.6998.118

✅ Test PASSED: verifyInvalidAddressPreventsCheckout (Duration: 24805ms)
<br><img src='E:/Folder/Galal/Courses/Digital Egypt Pioneers Initiative (DEPI) - Software Testing/DEPI Software Tester Graduation Project/automation-framework/reports/screenshots\TC-080\TC-080_screenshot.png' height='300' width='400'/><br>]]>
    </system-out>
  </testcase> <!-- verifyInvalidAddressPreventsCheckout -->
  <testcase classname="tests.ui.CheckoutTest" name="verifyOrderIsGenerated" time="48.771">
    <system-out>
      <![CDATA[🟢 Test Started: verifyOrderIsGenerated (🔢 Test Case ID: TC-081)

🌍 Test Environment:
🖥️ OS: Windows 11 10.0
☕ Java Version: 23.0.1
🌐 Browser: chrome 134.0.6998.118

✅ Test PASSED: verifyOrderIsGenerated (Duration: 31370ms)
<br><img src='E:/Folder/Galal/Courses/Digital Egypt Pioneers Initiative (DEPI) - Software Testing/DEPI Software Tester Graduation Project/automation-framework/reports/screenshots\TC-081\TC-081_screenshot.png' height='300' width='400'/><br>]]>
    </system-out>
  </testcase> <!-- verifyOrderIsGenerated -->
  <testcase classname="tests.ui.CheckoutTest" name="verifyCheckoutPageLoads" time="27.597">
    <system-out>
      <![CDATA[🟢 Test Started: verifyCheckoutPageLoads (🔢 Test Case ID: TC-004)

🌍 Test Environment:
🖥️ OS: Windows 11 10.0
☕ Java Version: 23.0.1
🌐 Browser: chrome 134.0.6998.118

✅ Test PASSED: verifyCheckoutPageLoads (Duration: 9337ms)
<br><img src='E:/Folder/Galal/Courses/Digital Egypt Pioneers Initiative (DEPI) - Software Testing/DEPI Software Tester Graduation Project/automation-framework/reports/screenshots\TC-004\TC-004_screenshot.png' height='300' width='400'/><br>]]>
    </system-out>
  </testcase> <!-- verifyCheckoutPageLoads -->
  <testcase classname="tests.ui.CheckoutTest" name="verifyDifferentPaymentOptionsAreAvailable" time="45.682">
    <system-out>
      <![CDATA[🟢 Test Started: verifyDifferentPaymentOptionsAreAvailable (🔢 Test Case ID: TC-189)

🌍 Test Environment:
🖥️ OS: Windows 11 10.0
☕ Java Version: 23.0.1
🌐 Browser: chrome 134.0.6998.118

✅ Test PASSED: verifyDifferentPaymentOptionsAreAvailable (Duration: 28319ms)
<br><img src='E:/Folder/Galal/Courses/Digital Egypt Pioneers Initiative (DEPI) - Software Testing/DEPI Software Tester Graduation Project/automation-framework/reports/screenshots\TC-189\TC-189_screenshot.png' height='300' width='400'/><br>]]>
    </system-out>
  </testcase> <!-- verifyDifferentPaymentOptionsAreAvailable -->
  <testcase classname="tests.ui.CheckoutTest" name="verifyOrderSummaryDisplaysCorrectInfo" time="45.804">
    <system-out>
      <![CDATA[🟢 Test Started: verifyOrderSummaryDisplaysCorrectInfo (🔢 Test Case ID: TC-187)

🌍 Test Environment:
🖥️ OS: Windows 11 10.0
☕ Java Version: 23.0.1
🌐 Browser: chrome 134.0.6998.118

✅ Test PASSED: verifyOrderSummaryDisplaysCorrectInfo (Duration: 27696ms)
<br><img src='E:/Folder/Galal/Courses/Digital Egypt Pioneers Initiative (DEPI) - Software Testing/DEPI Software Tester Graduation Project/automation-framework/reports/screenshots\TC-187\TC-187_screenshot.png' height='300' width='400'/><br>]]>
    </system-out>
  </testcase> <!-- verifyOrderSummaryDisplaysCorrectInfo -->
  <system-out>
    <![CDATA[🚀 Starting Test Suite: Surefire test

🌍 Test Environment:
🖥️ OS: Windows 11 10.0
☕ Java Version: 23.0.1
🌐 Browser: chrome 134.0.6998.89

🟢 Test Started: testCheckoutProcessAsUser (🔢 Test Case ID: TC-073)

🌍 Test Environment:
🖥️ OS: Windows 11 10.0
☕ Java Version: 23.0.1
🌐 Browser: chrome 134.0.6998.118

✅ Test PASSED: testCheckoutProcessAsUser (Duration: 37654ms)
<br><img src='E:/Folder/Galal/Courses/Digital Egypt Pioneers Initiative (DEPI) - Software Testing/DEPI Software Tester Graduation Project/automation-framework/reports/screenshots\TC-073\TC-073_screenshot.png' height='300' width='400'/><br>
🟢 Test Started: verifyCheckoutPageLoads (🔢 Test Case ID: TC-004)

🌍 Test Environment:
🖥️ OS: Windows 11 10.0
☕ Java Version: 23.0.1
🌐 Browser: chrome 134.0.6998.118

✅ Test PASSED: verifyCheckoutPageLoads (Duration: 9337ms)
<br><img src='E:/Folder/Galal/Courses/Digital Egypt Pioneers Initiative (DEPI) - Software Testing/DEPI Software Tester Graduation Project/automation-framework/reports/screenshots\TC-004\TC-004_screenshot.png' height='300' width='400'/><br>
🟢 Test Started: verifyCheckoutProcessAsGuest (🔢 Test Case ID: TC-005_TC-006_TC-072)

🌍 Test Environment:
🖥️ OS: Windows 11 10.0
☕ Java Version: 23.0.1
🌐 Browser: chrome 134.0.6998.118

✅ Test PASSED: verifyCheckoutProcessAsGuest (Duration: 33355ms)
<br><img src='E:/Folder/Galal/Courses/Digital Egypt Pioneers Initiative (DEPI) - Software Testing/DEPI Software Tester Graduation Project/automation-framework/reports/screenshots\TC-005_TC-006_TC-072\TC-005_TC-006_TC-072_screenshot.png' height='300' width='400'/><br>
🟢 Test Started: verifyDifferentPaymentOptionsAreAvailable (🔢 Test Case ID: TC-189)

🌍 Test Environment:
🖥️ OS: Windows 11 10.0
☕ Java Version: 23.0.1
🌐 Browser: chrome 134.0.6998.118

✅ Test PASSED: verifyDifferentPaymentOptionsAreAvailable (Duration: 28319ms)
<br><img src='E:/Folder/Galal/Courses/Digital Egypt Pioneers Initiative (DEPI) - Software Testing/DEPI Software Tester Graduation Project/automation-framework/reports/screenshots\TC-189\TC-189_screenshot.png' height='300' width='400'/><br>
🟢 Test Started: verifyInvalidAddressPreventsCheckout (🔢 Test Case ID: TC-080)

🌍 Test Environment:
🖥️ OS: Windows 11 10.0
☕ Java Version: 23.0.1
🌐 Browser: chrome 134.0.6998.118

✅ Test PASSED: verifyInvalidAddressPreventsCheckout (Duration: 24805ms)
<br><img src='E:/Folder/Galal/Courses/Digital Egypt Pioneers Initiative (DEPI) - Software Testing/DEPI Software Tester Graduation Project/automation-framework/reports/screenshots\TC-080\TC-080_screenshot.png' height='300' width='400'/><br>
🟢 Test Started: verifyOrderIsGenerated (🔢 Test Case ID: TC-081)

🌍 Test Environment:
🖥️ OS: Windows 11 10.0
☕ Java Version: 23.0.1
🌐 Browser: chrome 134.0.6998.118

✅ Test PASSED: verifyOrderIsGenerated (Duration: 31370ms)
<br><img src='E:/Folder/Galal/Courses/Digital Egypt Pioneers Initiative (DEPI) - Software Testing/DEPI Software Tester Graduation Project/automation-framework/reports/screenshots\TC-081\TC-081_screenshot.png' height='300' width='400'/><br>
🟢 Test Started: verifyOrderSummaryDisplaysCorrectInfo (🔢 Test Case ID: TC-187)

🌍 Test Environment:
🖥️ OS: Windows 11 10.0
☕ Java Version: 23.0.1
🌐 Browser: chrome 134.0.6998.118

✅ Test PASSED: verifyOrderSummaryDisplaysCorrectInfo (Duration: 27696ms)
<br><img src='E:/Folder/Galal/Courses/Digital Egypt Pioneers Initiative (DEPI) - Software Testing/DEPI Software Tester Graduation Project/automation-framework/reports/screenshots\TC-187\TC-187_screenshot.png' height='300' width='400'/><br>]]>
  </system-out>
</testsuite> <!-- tests.ui.CheckoutTest -->
