<?xml version="1.0" encoding="UTF-8"?>
<!-- Generated by org.testng.reporters.JUnitReportReporter -->
<testsuite hostname="Galal" failures="0" tests="8" name="tests.ui.SearchTest" time="289.073" errors="0" timestamp="2025-03-25T00:24:45 EET" skipped="0">
  <testcase classname="tests.ui.SearchTest" name="verifyClearingFilters" time="46.232">
    <system-out>
      <![CDATA[🟢 Test Started: verifyClearingFilters (🔢 Test Case ID: TC-050)

🌍 Test Environment:
🖥️ OS: Windows 11 10.0
☕ Java Version: 23.0.1
🌐 Browser: chrome 134.0.6998.118

✅ Test PASSED: verifyClearingFilters (Duration: 21259ms)
<br><img src='E:/Folder/Galal/Courses/Digital Egypt Pioneers Initiative (DEPI) - Software Testing/DEPI Software Tester Graduation Project/automation-framework/reports/screenshots\TC-050\TC-050_screenshot.png' height='300' width='400'/><br>]]>
    </system-out>
  </testcase> <!-- verifyClearingFilters -->
  <testcase classname="tests.ui.SearchTest" name="verifyFilteringByManufacturer" time="37.913">
    <system-out>
      <![CDATA[🟢 Test Started: verifyFilteringByManufacturer (🔢 Test Case ID: TC-044)

🌍 Test Environment:
🖥️ OS: Windows 11 10.0
☕ Java Version: 23.0.1
🌐 Browser: chrome 134.0.6998.118

✅ Test PASSED: verifyFilteringByManufacturer (Duration: 14338ms)
<br><img src='E:/Folder/Galal/Courses/Digital Egypt Pioneers Initiative (DEPI) - Software Testing/DEPI Software Tester Graduation Project/automation-framework/reports/screenshots\TC-044\TC-044_screenshot.png' height='300' width='400'/><br>]]>
    </system-out>
  </testcase> <!-- verifyFilteringByManufacturer -->
  <testcase classname="tests.ui.SearchTest" name="verifyAutoSuggestionsInSearchBar" time="29.224">
    <system-out>
      <![CDATA[🟢 Test Started: verifyAutoSuggestionsInSearchBar (🔢 Test Case ID: TC-051)

🌍 Test Environment:
🖥️ OS: Windows 11 10.0
☕ Java Version: 23.0.1
🌐 Browser: chrome 134.0.6998.118

✅ Test PASSED: verifyAutoSuggestionsInSearchBar (Duration: 4100ms)
<br><img src='E:/Folder/Galal/Courses/Digital Egypt Pioneers Initiative (DEPI) - Software Testing/DEPI Software Tester Graduation Project/automation-framework/reports/screenshots\TC-051\TC-051_screenshot.png' height='300' width='400'/><br>]]>
    </system-out>
  </testcase> <!-- verifyAutoSuggestionsInSearchBar -->
  <testcase classname="tests.ui.SearchTest" name="verifyPaginationInSearchResults" time="34.287">
    <system-out>
      <![CDATA[🟢 Test Started: verifyPaginationInSearchResults (🔢 Test Case ID: TC-042)

🌍 Test Environment:
🖥️ OS: Windows 11 10.0
☕ Java Version: 23.0.1
🌐 Browser: chrome 134.0.6998.118

✅ Test PASSED: verifyPaginationInSearchResults (Duration: 10294ms)
<br><img src='E:/Folder/Galal/Courses/Digital Egypt Pioneers Initiative (DEPI) - Software Testing/DEPI Software Tester Graduation Project/automation-framework/reports/screenshots\TC-042\TC-042_screenshot.png' height='300' width='400'/><br>]]>
    </system-out>
  </testcase> <!-- verifyPaginationInSearchResults -->
  <testcase classname="tests.ui.SearchTest" name="verifyInvalidSearchTerm" time="30.927">
    <system-out>
      <![CDATA[🟢 Test Started: verifyInvalidSearchTerm (🔢 Test Case ID: TC-048)

🌍 Test Environment:
🖥️ OS: Windows 11 10.0
☕ Java Version: 23.0.1
🌐 Browser: chrome 134.0.6998.118

✅ Test PASSED: verifyInvalidSearchTerm (Duration: 7836ms)
<br><img src='E:/Folder/Galal/Courses/Digital Egypt Pioneers Initiative (DEPI) - Software Testing/DEPI Software Tester Graduation Project/automation-framework/reports/screenshots\TC-048\TC-048_screenshot.png' height='300' width='400'/><br>]]>
    </system-out>
  </testcase> <!-- verifyInvalidSearchTerm -->
  <testcase classname="tests.ui.SearchTest" name="verifySearchFunctionality" time="30.487">
    <system-out>
      <![CDATA[🟢 Test Started: verifySearchFunctionality (🔢 Test Case ID: TC-002)

🌍 Test Environment:
🖥️ OS: Windows 11 10.0
☕ Java Version: 23.0.1
🌐 Browser: chrome 134.0.6998.118

✅ Test PASSED: verifySearchFunctionality (Duration: 6896ms)
<br><img src='E:/Folder/Galal/Courses/Digital Egypt Pioneers Initiative (DEPI) - Software Testing/DEPI Software Tester Graduation Project/automation-framework/reports/screenshots\TC-002\TC-002_screenshot.png' height='300' width='400'/><br>]]>
    </system-out>
  </testcase> <!-- verifySearchFunctionality -->
  <testcase classname="tests.ui.SearchTest" name="verifySearchByCategory" time="37.198">
    <system-out>
      <![CDATA[🟢 Test Started: verifySearchByCategory (🔢 Test Case ID: TC-038)

🌍 Test Environment:
🖥️ OS: Windows 11 10.0
☕ Java Version: 23.0.1
🌐 Browser: chrome 134.0.6998.118

✅ Test PASSED: verifySearchByCategory (Duration: 13311ms)
<br><img src='E:/Folder/Galal/Courses/Digital Egypt Pioneers Initiative (DEPI) - Software Testing/DEPI Software Tester Graduation Project/automation-framework/reports/screenshots\TC-038\TC-038_screenshot.png' height='300' width='400'/><br>]]>
    </system-out>
  </testcase> <!-- verifySearchByCategory -->
  <testcase classname="tests.ui.SearchTest" name="verifySortingOptions" time="42.805">
    <system-out>
      <![CDATA[🟢 Test Started: verifySortingOptions (🔢 Test Case ID: TC-043)

🌍 Test Environment:
🖥️ OS: Windows 11 10.0
☕ Java Version: 23.0.1
🌐 Browser: chrome 134.0.6998.118

✅ Test PASSED: verifySortingOptions (Duration: 16910ms)
<br><img src='E:/Folder/Galal/Courses/Digital Egypt Pioneers Initiative (DEPI) - Software Testing/DEPI Software Tester Graduation Project/automation-framework/reports/screenshots\TC-043\TC-043_screenshot.png' height='300' width='400'/><br>]]>
    </system-out>
  </testcase> <!-- verifySortingOptions -->
  <system-out>
    <![CDATA[🚀 Starting Test Suite: Surefire test

🌍 Test Environment:
🖥️ OS: Windows 11 10.0
☕ Java Version: 23.0.1
🌐 Browser: chrome 134.0.6998.89

🟢 Test Started: verifyAutoSuggestionsInSearchBar (🔢 Test Case ID: TC-051)

🌍 Test Environment:
🖥️ OS: Windows 11 10.0
☕ Java Version: 23.0.1
🌐 Browser: chrome 134.0.6998.118

✅ Test PASSED: verifyAutoSuggestionsInSearchBar (Duration: 4100ms)
<br><img src='E:/Folder/Galal/Courses/Digital Egypt Pioneers Initiative (DEPI) - Software Testing/DEPI Software Tester Graduation Project/automation-framework/reports/screenshots\TC-051\TC-051_screenshot.png' height='300' width='400'/><br>
🟢 Test Started: verifyClearingFilters (🔢 Test Case ID: TC-050)

🌍 Test Environment:
🖥️ OS: Windows 11 10.0
☕ Java Version: 23.0.1
🌐 Browser: chrome 134.0.6998.118

✅ Test PASSED: verifyClearingFilters (Duration: 21259ms)
<br><img src='E:/Folder/Galal/Courses/Digital Egypt Pioneers Initiative (DEPI) - Software Testing/DEPI Software Tester Graduation Project/automation-framework/reports/screenshots\TC-050\TC-050_screenshot.png' height='300' width='400'/><br>
🟢 Test Started: verifyFilteringByManufacturer (🔢 Test Case ID: TC-044)

🌍 Test Environment:
🖥️ OS: Windows 11 10.0
☕ Java Version: 23.0.1
🌐 Browser: chrome 134.0.6998.118

✅ Test PASSED: verifyFilteringByManufacturer (Duration: 14338ms)
<br><img src='E:/Folder/Galal/Courses/Digital Egypt Pioneers Initiative (DEPI) - Software Testing/DEPI Software Tester Graduation Project/automation-framework/reports/screenshots\TC-044\TC-044_screenshot.png' height='300' width='400'/><br>
🟢 Test Started: verifyInvalidSearchTerm (🔢 Test Case ID: TC-048)

🌍 Test Environment:
🖥️ OS: Windows 11 10.0
☕ Java Version: 23.0.1
🌐 Browser: chrome 134.0.6998.118

✅ Test PASSED: verifyInvalidSearchTerm (Duration: 7836ms)
<br><img src='E:/Folder/Galal/Courses/Digital Egypt Pioneers Initiative (DEPI) - Software Testing/DEPI Software Tester Graduation Project/automation-framework/reports/screenshots\TC-048\TC-048_screenshot.png' height='300' width='400'/><br>
🟢 Test Started: verifyPaginationInSearchResults (🔢 Test Case ID: TC-042)

🌍 Test Environment:
🖥️ OS: Windows 11 10.0
☕ Java Version: 23.0.1
🌐 Browser: chrome 134.0.6998.118

✅ Test PASSED: verifyPaginationInSearchResults (Duration: 10294ms)
<br><img src='E:/Folder/Galal/Courses/Digital Egypt Pioneers Initiative (DEPI) - Software Testing/DEPI Software Tester Graduation Project/automation-framework/reports/screenshots\TC-042\TC-042_screenshot.png' height='300' width='400'/><br>
🟢 Test Started: verifySearchByCategory (🔢 Test Case ID: TC-038)

🌍 Test Environment:
🖥️ OS: Windows 11 10.0
☕ Java Version: 23.0.1
🌐 Browser: chrome 134.0.6998.118

✅ Test PASSED: verifySearchByCategory (Duration: 13311ms)
<br><img src='E:/Folder/Galal/Courses/Digital Egypt Pioneers Initiative (DEPI) - Software Testing/DEPI Software Tester Graduation Project/automation-framework/reports/screenshots\TC-038\TC-038_screenshot.png' height='300' width='400'/><br>
🟢 Test Started: verifySearchFunctionality (🔢 Test Case ID: TC-002)

🌍 Test Environment:
🖥️ OS: Windows 11 10.0
☕ Java Version: 23.0.1
🌐 Browser: chrome 134.0.6998.118

✅ Test PASSED: verifySearchFunctionality (Duration: 6896ms)
<br><img src='E:/Folder/Galal/Courses/Digital Egypt Pioneers Initiative (DEPI) - Software Testing/DEPI Software Tester Graduation Project/automation-framework/reports/screenshots\TC-002\TC-002_screenshot.png' height='300' width='400'/><br>
🟢 Test Started: verifySortingOptions (🔢 Test Case ID: TC-043)

🌍 Test Environment:
🖥️ OS: Windows 11 10.0
☕ Java Version: 23.0.1
🌐 Browser: chrome 134.0.6998.118

✅ Test PASSED: verifySortingOptions (Duration: 16910ms)
<br><img src='E:/Folder/Galal/Courses/Digital Egypt Pioneers Initiative (DEPI) - Software Testing/DEPI Software Tester Graduation Project/automation-framework/reports/screenshots\TC-043\TC-043_screenshot.png' height='300' width='400'/><br>]]>
  </system-out>
</testsuite> <!-- tests.ui.SearchTest -->
