<?xml version="1.0" encoding="UTF-8"?>
<!-- Generated by org.testng.reporters.JUnitReportReporter -->
<testsuite hostname="Galal" failures="0" tests="10" name="tests.ui.CartTest" time="298.373" errors="0" timestamp="2025-03-23T01:23:08 EET" skipped="1">
  <testcase classname="tests.ui.CartTest" name="testInvalidPromoCode" time="24.851">
    <system-out>
      <![CDATA[🟢 Test Started: testInvalidPromoCode (🔢 Test Case ID: TC-076)

🌍 Test Environment:
🖥️ OS: Windows 11 10.0
☕ Java Version: 23.0.1
🌐 Browser: chrome 134.0.6998.118

✅ Test PASSED: testInvalidPromoCode (Duration: 7165ms)
<br><img src='E:/Folder/Galal/Courses/Digital Egypt Pioneers Initiative (DEPI) - Software Testing/DEPI Software Tester Graduation Project/automation-framework/reports/screenshots\TC-076\TC-076_screenshot.png' height='300' width='400'/><br>]]>
    </system-out>
  </testcase> <!-- testInvalidPromoCode -->
  <testcase classname="tests.ui.CartTest" name="verifyCartIconUpdatesCount" time="24.021">
    <system-out>
      <![CDATA[🟢 Test Started: verifyCartIconUpdatesCount (🔢 Test Case ID: TC-182)

🌍 Test Environment:
🖥️ OS: Windows 11 10.0
☕ Java Version: 23.0.1
🌐 Browser: chrome 134.0.6998.118

✅ Test PASSED: verifyCartIconUpdatesCount (Duration: 7293ms)
<br><img src='E:/Folder/Galal/Courses/Digital Egypt Pioneers Initiative (DEPI) - Software Testing/DEPI Software Tester Graduation Project/automation-framework/reports/screenshots\TC-182\TC-182_screenshot.png' height='300' width='400'/><br>]]>
    </system-out>
  </testcase> <!-- verifyCartIconUpdatesCount -->
  <testcase classname="tests.ui.CartTest" name="verifyCartPersistence" time="22.555">
    <system-out>
      <![CDATA[🟢 Test Started: verifyCartPersistence (🔢 Test Case ID: TC-015)

🌍 Test Environment:
🖥️ OS: Windows 11 10.0
☕ Java Version: 23.0.1
🌐 Browser: chrome 134.0.6998.118

✅ Test PASSED: verifyCartPersistence (Duration: 5505ms)
<br><img src='E:/Folder/Galal/Courses/Digital Egypt Pioneers Initiative (DEPI) - Software Testing/DEPI Software Tester Graduation Project/automation-framework/reports/screenshots\TC-015\TC-015_screenshot.png' height='300' width='400'/><br>]]>
    </system-out>
  </testcase> <!-- verifyCartPersistence -->
  <testcase classname="tests.ui.CartTest" name="verifyRemoveMultipleProducts" time="52.895">
    <system-out>
      <![CDATA[🟢 Test Started: verifyRemoveMultipleProducts (🔢 Test Case ID: TC-019)

🌍 Test Environment:
🖥️ OS: Windows 11 10.0
☕ Java Version: 23.0.1
🌐 Browser: chrome 134.0.6998.118

✅ Test PASSED: verifyRemoveMultipleProducts (Duration: 35454ms)
<br><img src='E:/Folder/Galal/Courses/Digital Egypt Pioneers Initiative (DEPI) - Software Testing/DEPI Software Tester Graduation Project/automation-framework/reports/screenshots\TC-019\TC-019_screenshot.png' height='300' width='400'/><br>]]>
    </system-out>
  </testcase> <!-- verifyRemoveMultipleProducts -->
  <testcase classname="tests.ui.CartTest" name="verifyValidPromoCodeBlocked" time="17.410">
    <skipped/>
    <system-out>
      <![CDATA[🟢 Test Started: verifyValidPromoCodeBlocked (🔢 Test Case ID: TC-071)

🌍 Test Environment:
🖥️ OS: Windows 11 10.0
☕ Java Version: 23.0.1
🌐 Browser: chrome 134.0.6998.118

⚠️ Test SKIPPED: verifyValidPromoCodeBlocked
<br><img src='E:/Folder/Galal/Courses/Digital Egypt Pioneers Initiative (DEPI) - Software Testing/DEPI Software Tester Graduation Project/automation-framework/reports/screenshots\TC-071\TC-071_screenshot.png' height='300' width='400'/><br>]]>
    </system-out>
  </testcase> <!-- verifyValidPromoCodeBlocked -->
  <testcase classname="tests.ui.CartTest" name="verifyCartSummaryDisplaysCorrectPricing" time="28.192">
    <system-out>
      <![CDATA[🟢 Test Started: verifyCartSummaryDisplaysCorrectPricing (🔢 Test Case ID: TC-070)

🌍 Test Environment:
🖥️ OS: Windows 11 10.0
☕ Java Version: 23.0.1
🌐 Browser: chrome 134.0.6998.118

✅ Test PASSED: verifyCartSummaryDisplaysCorrectPricing (Duration: 10578ms)
<br><img src='E:/Folder/Galal/Courses/Digital Egypt Pioneers Initiative (DEPI) - Software Testing/DEPI Software Tester Graduation Project/automation-framework/reports/screenshots\TC-070\TC-070_screenshot.png' height='300' width='400'/><br>]]>
    </system-out>
  </testcase> <!-- verifyCartSummaryDisplaysCorrectPricing -->
  <testcase classname="tests.ui.CartTest" name="verifyAddMultipleProductsToCart" time="36.549">
    <system-out>
      <![CDATA[🟢 Test Started: verifyAddMultipleProductsToCart (🔢 Test Case ID: TC-018)

🌍 Test Environment:
🖥️ OS: Windows 11 10.0
☕ Java Version: 23.0.1
🌐 Browser: chrome 134.0.6998.118

✅ Test PASSED: verifyAddMultipleProductsToCart (Duration: 19355ms)
<br><img src='E:/Folder/Galal/Courses/Digital Egypt Pioneers Initiative (DEPI) - Software Testing/DEPI Software Tester Graduation Project/automation-framework/reports/screenshots\TC-018\TC-018_screenshot.png' height='300' width='400'/><br>]]>
    </system-out>
  </testcase> <!-- verifyAddMultipleProductsToCart -->
  <testcase classname="tests.ui.CartTest" name="verifyUpdateProductQuantity" time="39.097">
    <system-out>
      <![CDATA[🟢 Test Started: verifyUpdateProductQuantity (🔢 Test Case ID: TC-068)

🌍 Test Environment:
🖥️ OS: Windows 11 10.0
☕ Java Version: 23.0.1
🌐 Browser: chrome 134.0.6998.118

✅ Test PASSED: verifyUpdateProductQuantity (Duration: 21537ms)
<br><img src='E:/Folder/Galal/Courses/Digital Egypt Pioneers Initiative (DEPI) - Software Testing/DEPI Software Tester Graduation Project/automation-framework/reports/screenshots\TC-068\TC-068_screenshot.png' height='300' width='400'/><br>]]>
    </system-out>
  </testcase> <!-- verifyUpdateProductQuantity -->
  <testcase classname="tests.ui.CartTest" name="verifyAddToWishlist" time="33.025">
    <system-out>
      <![CDATA[🟢 Test Started: verifyAddToWishlist (🔢 Test Case ID: TC-079)

🌍 Test Environment:
🖥️ OS: Windows 11 10.0
☕ Java Version: 23.0.1
🌐 Browser: chrome 134.0.6998.118

✅ Test PASSED: verifyAddToWishlist (Duration: 15958ms)
<br><img src='E:/Folder/Galal/Courses/Digital Egypt Pioneers Initiative (DEPI) - Software Testing/DEPI Software Tester Graduation Project/automation-framework/reports/screenshots\TC-079\TC-079_screenshot.png' height='300' width='400'/><br>]]>
    </system-out>
  </testcase> <!-- verifyAddToWishlist -->
  <testcase classname="tests.ui.CartTest" name="verifyEmptyCartMessage" time="19.778">
    <system-out>
      <![CDATA[🟢 Test Started: verifyEmptyCartMessage (🔢 Test Case ID: TC-077)

🌍 Test Environment:
🖥️ OS: Windows 11 10.0
☕ Java Version: 23.0.1
🌐 Browser: chrome 134.0.6998.118

✅ Test PASSED: verifyEmptyCartMessage (Duration: 1913ms)
<br><img src='E:/Folder/Galal/Courses/Digital Egypt Pioneers Initiative (DEPI) - Software Testing/DEPI Software Tester Graduation Project/automation-framework/reports/screenshots\TC-077\TC-077_screenshot.png' height='300' width='400'/><br>]]>
    </system-out>
  </testcase> <!-- verifyEmptyCartMessage -->
  <system-out>
    <![CDATA[🚀 Starting Test Suite: Surefire test

🌍 Test Environment:
🖥️ OS: Windows 11 10.0
☕ Java Version: 23.0.1
🌐 Browser: chrome 134.0.6998.89

🟢 Test Started: testInvalidPromoCode (🔢 Test Case ID: TC-076)

🌍 Test Environment:
🖥️ OS: Windows 11 10.0
☕ Java Version: 23.0.1
🌐 Browser: chrome 134.0.6998.118

✅ Test PASSED: testInvalidPromoCode (Duration: 7165ms)
<br><img src='E:/Folder/Galal/Courses/Digital Egypt Pioneers Initiative (DEPI) - Software Testing/DEPI Software Tester Graduation Project/automation-framework/reports/screenshots\TC-076\TC-076_screenshot.png' height='300' width='400'/><br>
🟢 Test Started: verifyAddMultipleProductsToCart (🔢 Test Case ID: TC-018)

🌍 Test Environment:
🖥️ OS: Windows 11 10.0
☕ Java Version: 23.0.1
🌐 Browser: chrome 134.0.6998.118

✅ Test PASSED: verifyAddMultipleProductsToCart (Duration: 19355ms)
<br><img src='E:/Folder/Galal/Courses/Digital Egypt Pioneers Initiative (DEPI) - Software Testing/DEPI Software Tester Graduation Project/automation-framework/reports/screenshots\TC-018\TC-018_screenshot.png' height='300' width='400'/><br>
🟢 Test Started: verifyAddToWishlist (🔢 Test Case ID: TC-079)

🌍 Test Environment:
🖥️ OS: Windows 11 10.0
☕ Java Version: 23.0.1
🌐 Browser: chrome 134.0.6998.118

✅ Test PASSED: verifyAddToWishlist (Duration: 15958ms)
<br><img src='E:/Folder/Galal/Courses/Digital Egypt Pioneers Initiative (DEPI) - Software Testing/DEPI Software Tester Graduation Project/automation-framework/reports/screenshots\TC-079\TC-079_screenshot.png' height='300' width='400'/><br>
🟢 Test Started: verifyCartIconUpdatesCount (🔢 Test Case ID: TC-182)

🌍 Test Environment:
🖥️ OS: Windows 11 10.0
☕ Java Version: 23.0.1
🌐 Browser: chrome 134.0.6998.118

✅ Test PASSED: verifyCartIconUpdatesCount (Duration: 7293ms)
<br><img src='E:/Folder/Galal/Courses/Digital Egypt Pioneers Initiative (DEPI) - Software Testing/DEPI Software Tester Graduation Project/automation-framework/reports/screenshots\TC-182\TC-182_screenshot.png' height='300' width='400'/><br>
🟢 Test Started: verifyCartPersistence (🔢 Test Case ID: TC-015)

🌍 Test Environment:
🖥️ OS: Windows 11 10.0
☕ Java Version: 23.0.1
🌐 Browser: chrome 134.0.6998.118

✅ Test PASSED: verifyCartPersistence (Duration: 5505ms)
<br><img src='E:/Folder/Galal/Courses/Digital Egypt Pioneers Initiative (DEPI) - Software Testing/DEPI Software Tester Graduation Project/automation-framework/reports/screenshots\TC-015\TC-015_screenshot.png' height='300' width='400'/><br>
🟢 Test Started: verifyCartSummaryDisplaysCorrectPricing (🔢 Test Case ID: TC-070)

🌍 Test Environment:
🖥️ OS: Windows 11 10.0
☕ Java Version: 23.0.1
🌐 Browser: chrome 134.0.6998.118

✅ Test PASSED: verifyCartSummaryDisplaysCorrectPricing (Duration: 10578ms)
<br><img src='E:/Folder/Galal/Courses/Digital Egypt Pioneers Initiative (DEPI) - Software Testing/DEPI Software Tester Graduation Project/automation-framework/reports/screenshots\TC-070\TC-070_screenshot.png' height='300' width='400'/><br>
🟢 Test Started: verifyEmptyCartMessage (🔢 Test Case ID: TC-077)

🌍 Test Environment:
🖥️ OS: Windows 11 10.0
☕ Java Version: 23.0.1
🌐 Browser: chrome 134.0.6998.118

✅ Test PASSED: verifyEmptyCartMessage (Duration: 1913ms)
<br><img src='E:/Folder/Galal/Courses/Digital Egypt Pioneers Initiative (DEPI) - Software Testing/DEPI Software Tester Graduation Project/automation-framework/reports/screenshots\TC-077\TC-077_screenshot.png' height='300' width='400'/><br>
🟢 Test Started: verifyRemoveMultipleProducts (🔢 Test Case ID: TC-019)

🌍 Test Environment:
🖥️ OS: Windows 11 10.0
☕ Java Version: 23.0.1
🌐 Browser: chrome 134.0.6998.118

✅ Test PASSED: verifyRemoveMultipleProducts (Duration: 35454ms)
<br><img src='E:/Folder/Galal/Courses/Digital Egypt Pioneers Initiative (DEPI) - Software Testing/DEPI Software Tester Graduation Project/automation-framework/reports/screenshots\TC-019\TC-019_screenshot.png' height='300' width='400'/><br>
🟢 Test Started: verifyUpdateProductQuantity (🔢 Test Case ID: TC-068)

🌍 Test Environment:
🖥️ OS: Windows 11 10.0
☕ Java Version: 23.0.1
🌐 Browser: chrome 134.0.6998.118

✅ Test PASSED: verifyUpdateProductQuantity (Duration: 21537ms)
<br><img src='E:/Folder/Galal/Courses/Digital Egypt Pioneers Initiative (DEPI) - Software Testing/DEPI Software Tester Graduation Project/automation-framework/reports/screenshots\TC-068\TC-068_screenshot.png' height='300' width='400'/><br>
🟢 Test Started: verifyValidPromoCodeBlocked (🔢 Test Case ID: TC-071)

🌍 Test Environment:
🖥️ OS: Windows 11 10.0
☕ Java Version: 23.0.1
🌐 Browser: chrome 134.0.6998.118

⚠️ Test SKIPPED: verifyValidPromoCodeBlocked
<br><img src='E:/Folder/Galal/Courses/Digital Egypt Pioneers Initiative (DEPI) - Software Testing/DEPI Software Tester Graduation Project/automation-framework/reports/screenshots\TC-071\TC-071_screenshot.png' height='300' width='400'/><br>]]>
  </system-out>
</testsuite> <!-- tests.ui.CartTest -->
