<?xml version="1.0" encoding="UTF-8"?>
<!-- Generated by org.testng.reporters.JUnitReportReporter -->
<testsuite hostname="Galal" failures="0" tests="5" name="tests.ui.HomePageTest" time="172.826" errors="0" timestamp="2025-03-23T05:22:03 EET" skipped="0">
  <testcase classname="tests.ui.HomePageTest" name="verifyBreadcrumbNavigation" time="35.892">
    <system-out>
      <![CDATA[🟢 Test Started: verifyBreadcrumbNavigation (🔢 Test Case ID: TC-261)

🌍 Test Environment:
🖥️ OS: Windows 11 10.0
☕ Java Version: 23.0.1
🌐 Browser: chrome 134.0.6998.118

✅ Test PASSED: verifyBreadcrumbNavigation (Duration: 11126ms)
<br><img src='E:/Folder/Galal/Courses/Digital Egypt Pioneers Initiative (DEPI) - Software Testing/DEPI Software Tester Graduation Project/automation-framework/reports/screenshots\TC-261\TC-261_screenshot.png' height='300' width='400'/><br>]]>
    </system-out>
  </testcase> <!-- verifyBreadcrumbNavigation -->
  <testcase classname="tests.ui.HomePageTest" name="verifyHomePageLoads" time="25.363">
    <system-out>
      <![CDATA[🟢 Test Started: verifyHomePageLoads (🔢 Test Case ID: TC-001)

🌍 Test Environment:
🖥️ OS: Windows 11 10.0
☕ Java Version: 23.0.1
🌐 Browser: chrome 134.0.6998.118

✅ Test PASSED: verifyHomePageLoads (Duration: 839ms)
<br><img src='E:/Folder/Galal/Courses/Digital Egypt Pioneers Initiative (DEPI) - Software Testing/DEPI Software Tester Graduation Project/automation-framework/reports/screenshots\TC-001\TC-001_screenshot.png' height='300' width='400'/><br>]]>
    </system-out>
  </testcase> <!-- verifyHomePageLoads -->
  <testcase classname="tests.ui.HomePageTest" name="validateHomepageRedirection" time="28.557">
    <system-out>
      <![CDATA[🟢 Test Started: validateHomepageRedirection (🔢 Test Case ID: TC-262)

🌍 Test Environment:
🖥️ OS: Windows 11 10.0
☕ Java Version: 23.0.1
🌐 Browser: chrome 134.0.6998.118

✅ Test PASSED: validateHomepageRedirection (Duration: 4619ms)
<br><img src='E:/Folder/Galal/Courses/Digital Egypt Pioneers Initiative (DEPI) - Software Testing/DEPI Software Tester Graduation Project/automation-framework/reports/screenshots\TC-262\TC-262_screenshot.png' height='300' width='400'/><br>]]>
    </system-out>
  </testcase> <!-- validateHomepageRedirection -->
  <testcase classname="tests.ui.HomePageTest" name="verifyHeaderLinks" time="44.622">
    <system-out>
      <![CDATA[🟢 Test Started: verifyHeaderLinks (🔢 Test Case ID: TC-342)

🌍 Test Environment:
🖥️ OS: Windows 11 10.0
☕ Java Version: 23.0.1
🌐 Browser: chrome 134.0.6998.118

✅ Test PASSED: verifyHeaderLinks (Duration: 20723ms)
<br><img src='E:/Folder/Galal/Courses/Digital Egypt Pioneers Initiative (DEPI) - Software Testing/DEPI Software Tester Graduation Project/automation-framework/reports/screenshots\TC-342\TC-342_screenshot.png' height='300' width='400'/><br>]]>
    </system-out>
  </testcase> <!-- verifyHeaderLinks -->
  <testcase classname="tests.ui.HomePageTest" name="verifyCategoryNavigation" time="38.392">
    <system-out>
      <![CDATA[🟢 Test Started: verifyCategoryNavigation (🔢 Test Case ID: TC-046)

🌍 Test Environment:
🖥️ OS: Windows 11 10.0
☕ Java Version: 23.0.1
🌐 Browser: chrome 134.0.6998.118

✅ Test PASSED: verifyCategoryNavigation (Duration: 13983ms)
<br><img src='E:/Folder/Galal/Courses/Digital Egypt Pioneers Initiative (DEPI) - Software Testing/DEPI Software Tester Graduation Project/automation-framework/reports/screenshots\TC-046\TC-046_screenshot.png' height='300' width='400'/><br>]]>
    </system-out>
  </testcase> <!-- verifyCategoryNavigation -->
  <system-out>
    <![CDATA[🚀 Starting Test Suite: Surefire test

🌍 Test Environment:
🖥️ OS: Windows 11 10.0
☕ Java Version: 23.0.1
🌐 Browser: chrome 134.0.6998.89

🟢 Test Started: validateHomepageRedirection (🔢 Test Case ID: TC-262)

🌍 Test Environment:
🖥️ OS: Windows 11 10.0
☕ Java Version: 23.0.1
🌐 Browser: chrome 134.0.6998.118

✅ Test PASSED: validateHomepageRedirection (Duration: 4619ms)
<br><img src='E:/Folder/Galal/Courses/Digital Egypt Pioneers Initiative (DEPI) - Software Testing/DEPI Software Tester Graduation Project/automation-framework/reports/screenshots\TC-262\TC-262_screenshot.png' height='300' width='400'/><br>
🟢 Test Started: verifyBreadcrumbNavigation (🔢 Test Case ID: TC-261)

🌍 Test Environment:
🖥️ OS: Windows 11 10.0
☕ Java Version: 23.0.1
🌐 Browser: chrome 134.0.6998.118

✅ Test PASSED: verifyBreadcrumbNavigation (Duration: 11126ms)
<br><img src='E:/Folder/Galal/Courses/Digital Egypt Pioneers Initiative (DEPI) - Software Testing/DEPI Software Tester Graduation Project/automation-framework/reports/screenshots\TC-261\TC-261_screenshot.png' height='300' width='400'/><br>
🟢 Test Started: verifyCategoryNavigation (🔢 Test Case ID: TC-046)

🌍 Test Environment:
🖥️ OS: Windows 11 10.0
☕ Java Version: 23.0.1
🌐 Browser: chrome 134.0.6998.118

✅ Test PASSED: verifyCategoryNavigation (Duration: 13983ms)
<br><img src='E:/Folder/Galal/Courses/Digital Egypt Pioneers Initiative (DEPI) - Software Testing/DEPI Software Tester Graduation Project/automation-framework/reports/screenshots\TC-046\TC-046_screenshot.png' height='300' width='400'/><br>
🟢 Test Started: verifyHeaderLinks (🔢 Test Case ID: TC-342)

🌍 Test Environment:
🖥️ OS: Windows 11 10.0
☕ Java Version: 23.0.1
🌐 Browser: chrome 134.0.6998.118

✅ Test PASSED: verifyHeaderLinks (Duration: 20723ms)
<br><img src='E:/Folder/Galal/Courses/Digital Egypt Pioneers Initiative (DEPI) - Software Testing/DEPI Software Tester Graduation Project/automation-framework/reports/screenshots\TC-342\TC-342_screenshot.png' height='300' width='400'/><br>
🟢 Test Started: verifyHomePageLoads (🔢 Test Case ID: TC-001)

🌍 Test Environment:
🖥️ OS: Windows 11 10.0
☕ Java Version: 23.0.1
🌐 Browser: chrome 134.0.6998.118

✅ Test PASSED: verifyHomePageLoads (Duration: 839ms)
<br><img src='E:/Folder/Galal/Courses/Digital Egypt Pioneers Initiative (DEPI) - Software Testing/DEPI Software Tester Graduation Project/automation-framework/reports/screenshots\TC-001\TC-001_screenshot.png' height='300' width='400'/><br>]]>
  </system-out>
</testsuite> <!-- tests.ui.HomePageTest -->
