<?xml version="1.0" encoding="UTF-8"?>
<!-- Generated by org.testng.reporters.JUnitReportReporter -->
<testsuite hostname="Galal" failures="0" tests="6" name="tests.ui.AuthenticationTest" time="223.897" errors="0" timestamp="2025-03-22T22:18:50 EET" skipped="0">
  <testcase classname="tests.ui.AuthenticationTest" name="verifyUserRegistrationWithValidDetails" time="33.521">
    <system-out>
      <![CDATA[🟢 Test Started: verifyUserRegistrationWithValidDetails (🔢 Test Case ID: TC-023)

🌍 Test Environment:
🖥️ OS: Windows 11 10.0
☕ Java Version: 23.0.1
🌐 Browser: chrome 134.0.6998.118

✅ Test PASSED: verifyUserRegistrationWithValidDetails (Duration: 8344ms)
<br><img src='E:/Folder/Galal/Courses/Digital Egypt Pioneers Initiative (DEPI) - Software Testing/DEPI Software Tester Graduation Project/automation-framework/reports/screenshots\TC-023\TC-023_screenshot.png' height='300' width='400'/><br>]]>
    </system-out>
  </testcase> <!-- verifyUserRegistrationWithValidDetails -->
  <testcase classname="tests.ui.AuthenticationTest" name="verifyErrorMessageForRegistrationWithMissingFields" time="40.156">
    <system-out>
      <![CDATA[🟢 Test Started: verifyErrorMessageForRegistrationWithMissingFields (🔢 Test Case ID: TC-024)

🌍 Test Environment:
🖥️ OS: Windows 11 10.0
☕ Java Version: 23.0.1
🌐 Browser: chrome 134.0.6998.118

✅ Test PASSED: verifyErrorMessageForRegistrationWithMissingFields (Duration: 16785ms)
<br><img src='E:/Folder/Galal/Courses/Digital Egypt Pioneers Initiative (DEPI) - Software Testing/DEPI Software Tester Graduation Project/automation-framework/reports/screenshots\TC-024\TC-024_screenshot.png' height='300' width='400'/><br>]]>
    </system-out>
  </testcase> <!-- verifyErrorMessageForRegistrationWithMissingFields -->
  <testcase classname="tests.ui.AuthenticationTest" name="verifyUserLoginWithInvalidCredentials" time="30.624">
    <system-out>
      <![CDATA[🟢 Test Started: verifyUserLoginWithInvalidCredentials (🔢 Test Case ID: TC-026)

🌍 Test Environment:
🖥️ OS: Windows 11 10.0
☕ Java Version: 23.0.1
🌐 Browser: chrome 134.0.6998.118

✅ Test PASSED: verifyUserLoginWithInvalidCredentials (Duration: 7286ms)
<br><img src='E:/Folder/Galal/Courses/Digital Egypt Pioneers Initiative (DEPI) - Software Testing/DEPI Software Tester Graduation Project/automation-framework/reports/screenshots\TC-026\TC-026_screenshot.png' height='300' width='400'/><br>]]>
    </system-out>
  </testcase> <!-- verifyUserLoginWithInvalidCredentials -->
  <testcase classname="tests.ui.AuthenticationTest" name="verifyUserLoginWithValidCredentials" time="33.859">
    <system-out>
      <![CDATA[🟢 Test Started: verifyUserLoginWithValidCredentials (🔢 Test Case ID: TC-025)

🌍 Test Environment:
🖥️ OS: Windows 11 10.0
☕ Java Version: 23.0.1
🌐 Browser: chrome 134.0.6998.118

✅ Test PASSED: verifyUserLoginWithValidCredentials (Duration: 9308ms)
<br><img src='E:/Folder/Galal/Courses/Digital Egypt Pioneers Initiative (DEPI) - Software Testing/DEPI Software Tester Graduation Project/automation-framework/reports/screenshots\TC-025\TC-025_screenshot.png' height='300' width='400'/><br>]]>
    </system-out>
  </testcase> <!-- verifyUserLoginWithValidCredentials -->
  <testcase classname="tests.ui.AuthenticationTest" name="verifyErrorMessageForExistingEmail" time="42.067">
    <system-out>
      <![CDATA[🟢 Test Started: verifyErrorMessageForExistingEmail (🔢 Test Case ID: TC-036)

🌍 Test Environment:
🖥️ OS: Windows 11 10.0
☕ Java Version: 23.0.1
🌐 Browser: chrome 134.0.6998.118

✅ Test PASSED: verifyErrorMessageForExistingEmail (Duration: 17231ms)
<br><img src='E:/Folder/Galal/Courses/Digital Egypt Pioneers Initiative (DEPI) - Software Testing/DEPI Software Tester Graduation Project/automation-framework/reports/screenshots\TC-036\TC-036_screenshot.png' height='300' width='400'/><br>]]>
    </system-out>
  </testcase> <!-- verifyErrorMessageForExistingEmail -->
  <testcase classname="tests.ui.AuthenticationTest" name="verifyUserLogout" time="43.670">
    <system-out>
      <![CDATA[🟢 Test Started: verifyUserLogout (🔢 Test Case ID: TC-028)

🌍 Test Environment:
🖥️ OS: Windows 11 10.0
☕ Java Version: 23.0.1
🌐 Browser: chrome 134.0.6998.118

✅ Test PASSED: verifyUserLogout (Duration: 19909ms)
<br><img src='E:/Folder/Galal/Courses/Digital Egypt Pioneers Initiative (DEPI) - Software Testing/DEPI Software Tester Graduation Project/automation-framework/reports/screenshots\TC-028\TC-028_screenshot.png' height='300' width='400'/><br>]]>
    </system-out>
  </testcase> <!-- verifyUserLogout -->
  <system-out>
    <![CDATA[🚀 Starting Test Suite: Surefire test

🌍 Test Environment:
🖥️ OS: Windows 11 10.0
☕ Java Version: 23.0.1
🌐 Browser: chrome 134.0.6998.89

🟢 Test Started: verifyErrorMessageForExistingEmail (🔢 Test Case ID: TC-036)

🌍 Test Environment:
🖥️ OS: Windows 11 10.0
☕ Java Version: 23.0.1
🌐 Browser: chrome 134.0.6998.118

✅ Test PASSED: verifyErrorMessageForExistingEmail (Duration: 17231ms)
<br><img src='E:/Folder/Galal/Courses/Digital Egypt Pioneers Initiative (DEPI) - Software Testing/DEPI Software Tester Graduation Project/automation-framework/reports/screenshots\TC-036\TC-036_screenshot.png' height='300' width='400'/><br>
🟢 Test Started: verifyErrorMessageForRegistrationWithMissingFields (🔢 Test Case ID: TC-024)

🌍 Test Environment:
🖥️ OS: Windows 11 10.0
☕ Java Version: 23.0.1
🌐 Browser: chrome 134.0.6998.118

✅ Test PASSED: verifyErrorMessageForRegistrationWithMissingFields (Duration: 16785ms)
<br><img src='E:/Folder/Galal/Courses/Digital Egypt Pioneers Initiative (DEPI) - Software Testing/DEPI Software Tester Graduation Project/automation-framework/reports/screenshots\TC-024\TC-024_screenshot.png' height='300' width='400'/><br>
🟢 Test Started: verifyUserLoginWithInvalidCredentials (🔢 Test Case ID: TC-026)

🌍 Test Environment:
🖥️ OS: Windows 11 10.0
☕ Java Version: 23.0.1
🌐 Browser: chrome 134.0.6998.118

✅ Test PASSED: verifyUserLoginWithInvalidCredentials (Duration: 7286ms)
<br><img src='E:/Folder/Galal/Courses/Digital Egypt Pioneers Initiative (DEPI) - Software Testing/DEPI Software Tester Graduation Project/automation-framework/reports/screenshots\TC-026\TC-026_screenshot.png' height='300' width='400'/><br>
🟢 Test Started: verifyUserLoginWithValidCredentials (🔢 Test Case ID: TC-025)

🌍 Test Environment:
🖥️ OS: Windows 11 10.0
☕ Java Version: 23.0.1
🌐 Browser: chrome 134.0.6998.118

✅ Test PASSED: verifyUserLoginWithValidCredentials (Duration: 9308ms)
<br><img src='E:/Folder/Galal/Courses/Digital Egypt Pioneers Initiative (DEPI) - Software Testing/DEPI Software Tester Graduation Project/automation-framework/reports/screenshots\TC-025\TC-025_screenshot.png' height='300' width='400'/><br>
🟢 Test Started: verifyUserLogout (🔢 Test Case ID: TC-028)

🌍 Test Environment:
🖥️ OS: Windows 11 10.0
☕ Java Version: 23.0.1
🌐 Browser: chrome 134.0.6998.118

✅ Test PASSED: verifyUserLogout (Duration: 19909ms)
<br><img src='E:/Folder/Galal/Courses/Digital Egypt Pioneers Initiative (DEPI) - Software Testing/DEPI Software Tester Graduation Project/automation-framework/reports/screenshots\TC-028\TC-028_screenshot.png' height='300' width='400'/><br>
🟢 Test Started: verifyUserRegistrationWithValidDetails (🔢 Test Case ID: TC-023)

🌍 Test Environment:
🖥️ OS: Windows 11 10.0
☕ Java Version: 23.0.1
🌐 Browser: chrome 134.0.6998.118

✅ Test PASSED: verifyUserRegistrationWithValidDetails (Duration: 8344ms)
<br><img src='E:/Folder/Galal/Courses/Digital Egypt Pioneers Initiative (DEPI) - Software Testing/DEPI Software Tester Graduation Project/automation-framework/reports/screenshots\TC-023\TC-023_screenshot.png' height='300' width='400'/><br>]]>
  </system-out>
</testsuite> <!-- tests.ui.AuthenticationTest -->
